2021-08-09 19:43:22 [scrapy.utils.log] INFO: Scrapy 1.8.0 started (bot: scrapy_weiboSpider)
2021-08-09 19:43:22 [scrapy.utils.log] INFO: Versions: lxml 4.4.1.0, libxml2 2.9.9, cssselect 1.1.0, parsel 1.5.2, w3lib 1.21.0, Twisted 19.7.0, Python 3.7.4 (default, Aug  9 2019, 18:34:13) [MSC v.1915 64 bit (AMD64)], pyOpenSSL 19.0.0 (OpenSSL 1.1.1h  22 Sep 2020), cryptography 2.7, Platform Windows-10-10.0.19041-SP0
2021-08-09 19:43:22 [scrapy.crawler] INFO: Overridden settings: {'BOT_NAME': 'scrapy_weiboSpider', 'CONCURRENT_REQUESTS': 12, 'DOWNLOAD_DELAY': 1, 'DUPEFILTER_CLASS': 'filter_test.Filtre1.RFPDupeFilter', 'LOG_FILE': './log/0809_4.log', 'NEWSPIDER_MODULE': 'scrapy_weiboSpider.spiders', 'RETRY_TIMES': 4, 'SCHEDULER': 'scrapy_redis.scheduler.Scheduler', 'SPIDER_MODULES': ['scrapy_weiboSpider.spiders'], 'USER_AGENT': 'Mozilla/5.0 (Windows NT 10.0; Win64; x64) AppleWebKit/537.36 (KHTML, like Gecko) Chrome/87.0.4280.141 Safari/537.36'}
2021-08-09 19:43:22 [scrapy.extensions.telnet] INFO: Telnet Password: 958b827edeb7493d
2021-08-09 19:43:22 [scrapy.middleware] INFO: Enabled extensions:
['scrapy.extensions.corestats.CoreStats',
 'scrapy.extensions.telnet.TelnetConsole',
 'scrapy.extensions.logstats.LogStats']
2021-08-09 19:43:22 [scrapy.middleware] INFO: Enabled downloader middlewares:
['scrapy.downloadermiddlewares.httpauth.HttpAuthMiddleware',
 'scrapy.downloadermiddlewares.downloadtimeout.DownloadTimeoutMiddleware',
 'scrapy.downloadermiddlewares.defaultheaders.DefaultHeadersMiddleware',
 'scrapy.downloadermiddlewares.useragent.UserAgentMiddleware',
 'scrapy_weiboSpider.middlewares.ScrapyWeibospiderDownloaderMiddleware',
 'scrapy.downloadermiddlewares.retry.RetryMiddleware',
 'scrapy.downloadermiddlewares.redirect.MetaRefreshMiddleware',
 'scrapy.downloadermiddlewares.httpcompression.HttpCompressionMiddleware',
 'scrapy.downloadermiddlewares.redirect.RedirectMiddleware',
 'scrapy.downloadermiddlewares.cookies.CookiesMiddleware',
 'scrapy.downloadermiddlewares.httpproxy.HttpProxyMiddleware',
 'scrapy.downloadermiddlewares.stats.DownloaderStats']
2021-08-09 19:43:22 [scrapy.middleware] INFO: Enabled spider middlewares:
['scrapy.spidermiddlewares.httperror.HttpErrorMiddleware',
 'scrapy.spidermiddlewares.offsite.OffsiteMiddleware',
 'scrapy_weiboSpider.middlewares.ScrapyWeibospiderSpiderMiddleware',
 'scrapy.spidermiddlewares.referer.RefererMiddleware',
 'scrapy.spidermiddlewares.urllength.UrlLengthMiddleware',
 'scrapy.spidermiddlewares.depth.DepthMiddleware']
2021-08-09 19:43:22 [scrapy.middleware] INFO: Enabled item pipelines:
['scrapy_weiboSpider.pipelines.ScrapyWeibospiderPipeline']
2021-08-09 19:43:22 [scrapy.core.engine] INFO: Spider opened
2021-08-09 19:43:22 [scrapy.extensions.logstats] INFO: Crawled 0 pages (at 0 pages/min), scraped 0 items (at 0 items/min)
2021-08-09 19:43:22 [wb_spider] INFO: Spider opened: wb_spider
2021-08-09 19:43:22 [wb_spider] INFO: Spider opened: wb_spider
2021-08-09 19:43:22 [scrapy.extensions.telnet] INFO: Telnet console listening on 127.0.0.1:6023
2021-08-09 19:43:22 [urllib3.connectionpool] DEBUG: Starting new HTTPS connection (1): weibo.com:443
2021-08-09 19:43:24 [urllib3.connectionpool] DEBUG: https://weibo.com:443 "GET /u/6227479352?page=1&is_all=1 HTTP/1.1" 302 None
2021-08-09 19:43:24 [urllib3.connectionpool] DEBUG: https://weibo.com:443 "GET /whatever9495?page=1&is_all=1 HTTP/1.1" 200 None
2021-08-09 19:43:25 [urllib3.connectionpool] DEBUG: https://weibo.com:443 "GET /u/6227479352?page=1&is_all=1 HTTP/1.1" 302 None
2021-08-09 19:43:26 [urllib3.connectionpool] DEBUG: https://weibo.com:443 "GET /whatever9495?page=1&is_all=1 HTTP/1.1" 200 None
2021-08-09 19:43:26 [urllib3.connectionpool] DEBUG: https://weibo.com:443 "GET /u/6227479352?page=1&is_all=1 HTTP/1.1" 302 None
2021-08-09 19:43:27 [urllib3.connectionpool] DEBUG: https://weibo.com:443 "GET /whatever9495?page=1&is_all=1 HTTP/1.1" 200 None
2021-08-09 19:43:27 [urllib3.connectionpool] DEBUG: https://weibo.com:443 "GET /u/6227479352?page=1&is_all=1 HTTP/1.1" 302 None
2021-08-09 19:43:27 [urllib3.connectionpool] DEBUG: https://weibo.com:443 "GET /whatever9495?page=1&is_all=1 HTTP/1.1" 200 None
2021-08-09 19:43:29 [urllib3.connectionpool] DEBUG: https://weibo.com:443 "GET /u/6227479352?page=1&is_all=1 HTTP/1.1" 302 None
2021-08-09 19:43:29 [urllib3.connectionpool] DEBUG: https://weibo.com:443 "GET /whatever9495?page=1&is_all=1 HTTP/1.1" 200 None
2021-08-09 19:43:33 [urllib3.connectionpool] DEBUG: https://weibo.com:443 "GET /u/6227479352?page=1&is_all=1 HTTP/1.1" 302 None
2021-08-09 19:43:33 [urllib3.connectionpool] DEBUG: https://weibo.com:443 "GET /whatever9495?page=1&is_all=1 HTTP/1.1" 200 None
2021-08-09 19:43:34 [urllib3.connectionpool] DEBUG: https://weibo.com:443 "GET /u/6227479352?page=1&is_all=1 HTTP/1.1" 302 None
2021-08-09 19:43:34 [urllib3.connectionpool] DEBUG: https://weibo.com:443 "GET /whatever9495?page=1&is_all=1 HTTP/1.1" 200 None
2021-08-09 19:43:36 [urllib3.connectionpool] DEBUG: https://weibo.com:443 "GET /p/aj/v6/mblog/mbloglist?ajwvr=6&domain=100505&visible=0&is_all=1&profile_ftype=1&page=1&pagebar=1&pl_name=Pl_Official_MyProfileFeed__20&id=1005056227479352&script_uri=/6227479352/profile&feed_type=0&pre_page=1&domain_op=100505&__rnd=1628509415860%20 HTTP/1.1" 200 None
2021-08-09 19:43:37 [root] INFO: fig- ed5877167736b4d4f721aa780c34bf357a43b570
2021-08-09 19:43:37 [root] INFO: fig- 2d0a3cdadfcc93d354938403320f0bde2759acb2
2021-08-09 19:43:37 [root] INFO: fig- ea8eb60c3ecd060e2d8f5ad11a08aa41068e756f
2021-08-09 19:43:37 [root] INFO: fig- e3e7ef9666cc970015a38915c729d1176f8c7db0
2021-08-09 19:43:37 [root] INFO: fig- 6bfcfa840f61b81b59b199cc25ab70e2c8154481
2021-08-09 19:43:37 [root] INFO: fig- 13660515c8ca8c3664b9479e562b5c3f5b56712e
2021-08-09 19:43:37 [root] INFO: fig- f2c0bdfd34e82189ead17d90f7a6796f60c06ef7
2021-08-09 19:43:37 [root] INFO: fig- cadb37bb922d3792c69e43c3bb241984c7158d58
2021-08-09 19:43:37 [scrapy.downloadermiddlewares.redirect] DEBUG: Redirecting (302) to <GET https://weibo.com/whatever9495?page=1&is_all=1> from <GET https://weibo.com/u/6227479352?page=1&is_all=1>
2021-08-09 19:43:38 [scrapy.crawler] INFO: Received SIGINT, shutting down gracefully. Send again to force 
2021-08-09 19:43:38 [scrapy.core.engine] INFO: Closing spider (shutdown)
2021-08-09 19:43:38 [scrapy.crawler] INFO: Received SIGINT twice, forcing unclean shutdown
2021-08-09 19:43:38 [scrapy.core.engine] DEBUG: Crawled (200) <GET https://weibo.com/p/aj/v6/mblog/mbloglist?ajwvr=6&domain=100505&visible=0&is_all=1&profile_ftype=1&page=1&pagebar=0&pl_name=Pl_Official_MyProfileFeed__20&id=1005056227479352&script_uri=/6227479352/profile&feed_type=0&pre_page=1&domain_op=100505&__rnd=1628509417103%20> (referer: None)
